0 info it worked if it ends with ok
1 verbose cli [ '/usr/local/bin/node', '/usr/local/bin/npm', 'publish' ]
2 info using npm@3.5.3
3 info using node@v4.2.3
4 verbose publish [ '.' ]
5 silly cache add args [ '.', null ]
6 verbose cache add spec .
7 silly cache add parsed spec Result {
7 silly cache add   raw: '.',
7 silly cache add   scope: null,
7 silly cache add   name: null,
7 silly cache add   rawSpec: '.',
7 silly cache add   spec: '/Volumes/danielHD/Personal/npm_packages/bootstrap+jquery',
7 silly cache add   type: 'directory' }
8 verbose addLocalDirectory /Users/danielram/.npm/bootstrap4-plus-jquery/4.0.0-alpha.2.1/package.tgz not in flight; packing
9 info lifecycle bootstrap4-plus-jquery@4.0.0-alpha.2.1~prepublish: bootstrap4-plus-jquery@4.0.0-alpha.2.1
10 silly lifecycle bootstrap4-plus-jquery@4.0.0-alpha.2.1~prepublish: no script for prepublish, continuing
11 verbose tar pack [ '/Users/danielram/.npm/bootstrap4-plus-jquery/4.0.0-alpha.2.1/package.tgz',
11 verbose tar pack   '/Volumes/danielHD/Personal/npm_packages/bootstrap+jquery' ]
12 verbose tarball /Users/danielram/.npm/bootstrap4-plus-jquery/4.0.0-alpha.2.1/package.tgz
13 verbose folder /Volumes/danielHD/Personal/npm_packages/bootstrap+jquery
14 verbose addLocalTarball adding from inside cache /Users/danielram/.npm/bootstrap4-plus-jquery/4.0.0-alpha.2.1/package.tgz
15 silly cache afterAdd bootstrap4-plus-jquery@4.0.0-alpha.2.1
16 verbose afterAdd /Users/danielram/.npm/bootstrap4-plus-jquery/4.0.0-alpha.2.1/package/package.json not in flight; writing
17 verbose afterAdd /Users/danielram/.npm/bootstrap4-plus-jquery/4.0.0-alpha.2.1/package/package.json written
18 silly publish { _args: [ [ 'bootstrap@4.0.0-alpha.2' ] ],
18 silly publish   _from: '.',
18 silly publish   _inCache: true,
18 silly publish   _installable: true,
18 silly publish   _location: '/bootstrap',
18 silly publish   _nodeVersion: '5.1.1',
18 silly publish   _npmUser: { email: 'danieldram@gmail.com', name: 'twbs' },
18 silly publish   _npmVersion: '3.3.12',
18 silly publish   _phantomChildren: {},
18 silly publish   _requested:
18 silly publish    { name: 'bootstrap',
18 silly publish      raw: 'bootstrap@4.0.0-alpha.2',
18 silly publish      rawSpec: '4.0.0-alpha.2',
18 silly publish      scope: null,
18 silly publish      spec: '4.0.0-alpha.2',
18 silly publish      type: 'version' },
18 silly publish   _requiredBy: [ '/' ],
18 silly publish   _resolved: 'https://registry.npmjs.org/bootstrap/-/bootstrap-4.0.0-alpha.2.tgz',
18 silly publish   _shasum: '3a3337f0ac3c9a751f5ad1a47976adcedffe4300',
18 silly publish   _shrinkwrap: null,
18 silly publish   _spec: 'bootstrap@4.0.0-alpha.2',
18 silly publish   _where: '',
18 silly publish   author: { name: 'Daniel Ram' },
18 silly publish   bugs: { url: 'https://github.com/danieldram/bootstrap4-plus-jquery/issues' },
18 silly publish   dependencies: { jquery: '^2.2.1' },
18 silly publish   description: 'An Unnoficial Bootstrap 4 + Tether + JQuery dependencies',
18 silly publish   devDependencies:
18 silly publish    { autoprefixer: '^6.0.3',
18 silly publish      'babel-eslint': '^4.1.3',
18 silly publish      btoa: '~1.1.2',
18 silly publish      glob: '~6.0.1',
18 silly publish      grunt: '~0.4.5',
18 silly publish      'grunt-babel': '^5.0.3',
18 silly publish      'grunt-build-control': '~0.6.0',
18 silly publish      'grunt-contrib-clean': '~0.7.0',
18 silly publish      'grunt-contrib-compress': '~0.14.0',
18 silly publish      'grunt-contrib-concat': '~0.5.1',
18 silly publish      'grunt-contrib-connect': '~0.11.2',
18 silly publish      'grunt-contrib-copy': '~0.8.1',
18 silly publish      'grunt-contrib-cssmin': '~0.14.0',
18 silly publish      'grunt-contrib-qunit': '~0.7.0',
18 silly publish      'grunt-contrib-sass': '^0.9.2',
18 silly publish      'grunt-contrib-uglify': '~0.11.0',
18 silly publish      'grunt-contrib-watch': '~0.6.1',
18 silly publish      'grunt-csscomb': '~3.1.0',
18 silly publish      'grunt-eslint': '^17.1.0',
18 silly publish      'grunt-exec': '~0.4.6',
18 silly publish      'grunt-html': '~5.0.0',
18 silly publish      'grunt-jekyll': '~0.4.2',
18 silly publish      'grunt-jscs': '~2.4.0',
18 silly publish      'grunt-line-remover': '0.0.2',
18 silly publish      'grunt-postcss': '^0.7.0',
18 silly publish      'grunt-sass': '^1.0.0',
18 silly publish      'grunt-saucelabs': '~8.6.1',
18 silly publish      'grunt-scss-lint': '^0.3.8',
18 silly publish      'grunt-stamp': '^0.1.0',
18 silly publish      'is-travis': '^1.0.0',
18 silly publish      'load-grunt-tasks': '~3.3.0',
18 silly publish      'markdown-it': '^5.0.0',
18 silly publish      'mq4-hover-shim': '^0.3.0',
18 silly publish      'npm-shrinkwrap': '^200.1.0',
18 silly publish      shelljs: '^0.5.3',
18 silly publish      'time-grunt': '^1.2.1' },
18 silly publish   directories: {},
18 silly publish   dist:
18 silly publish    { shasum: '1238dd5c482d2545f2be78ab0d98731eb93e50c1',
18 silly publish      tarball: 'http://registry.npmjs.org/bootstrap/-/bootstrap-4.0.0-alpha.2.tgz' },
18 silly publish   engines: { node: '>=0.10.1' },
18 silly publish   files:
18 silly publish    [ 'Gruntfile.js',
18 silly publish      'LICENSE',
18 silly publish      'dist',
18 silly publish      'grunt/*.js',
18 silly publish      'grunt/*.json',
18 silly publish      'js/*.js',
18 silly publish      'scss/**/*.scss' ],
18 silly publish   homepage: 'http://getbootstrap.com',
18 silly publish   jspm:
18 silly publish    { dependencies: { jquery: '*' },
18 silly publish      directories: { lib: 'dist' },
18 silly publish      ignore: [ 'dist/js/npm' ],
18 silly publish      main: 'js/bootstrap',
18 silly publish      shim: { 'js/bootstrap': [Object] } },
18 silly publish   keywords: [ 'bootstrap', 'bootstrap 4' ],
18 silly publish   license: 'MIT',
18 silly publish   main: './dist/js/npm',
18 silly publish   maintainers: [ { name: 'twbs', email: 'bigj95t+bsnpm@gmail.com' } ],
18 silly publish   name: 'bootstrap4-plus-jquery',
18 silly publish   optionalDependencies: {},
18 silly publish   repository:
18 silly publish    { type: 'git',
18 silly publish      url: 'git+https://github.com/danieldram/bootstrap4-plus-jquery.git' },
18 silly publish   sass: 'scss/bootstrap.scss',
18 silly publish   scripts:
18 silly publish    { 'change-version': 'node grunt/change-version.js',
18 silly publish      test: 'grunt test' },
18 silly publish   style: 'dist/css/bootstrap.css',
18 silly publish   version: '4.0.0-alpha.2.1',
18 silly publish   readme: '# Bootstrap 4 + Tether & JQuery dependancies\nBootstra 4 has recently been released but does not include the required Tether and JQuery dependancies. This can be a headache for those using ES6 module loading to build applications in Angular 2 etc.\n\n# Current Bootstrap 4 Vr: 4.0.0-alpha.2\n\n# Installation\n```sh\nnpm install bootstrap4-plus-jquery --save\nnpm install jquery --save\n```\n\n# JavaScript ES6 Usage\n## app.js\n```js\nimport \'bootstrap\';\nimport {Http} from \'angular2/http\';\n//more code etc...\n```\n\n# Updates\nI will be attempting to make a pull request to Bootstrap 4. If the official dist will not include these deps, I will maintain this package to ensure it matches current version.\n',
18 silly publish   readmeFilename: 'README.md',
18 silly publish   gitHead: '1b0752fe0e02e0b614b73d0721c55fed0e0a4e29',
18 silly publish   _id: 'bootstrap4-plus-jquery@4.0.0-alpha.2.1' }
19 verbose getPublishConfig undefined
20 silly mapToRegistry name bootstrap4-plus-jquery
21 silly mapToRegistry using default registry
22 silly mapToRegistry registry https://registry.npmjs.org/
23 silly mapToRegistry uri https://registry.npmjs.org/bootstrap4-plus-jquery
24 verbose publish registryBase https://registry.npmjs.org/
25 silly publish uploading /Users/danielram/.npm/bootstrap4-plus-jquery/4.0.0-alpha.2.1/package.tgz
26 verbose request uri https://registry.npmjs.org/bootstrap4-plus-jquery
27 verbose request sending authorization for write operation
28 info attempt registry request try #1 at 11:08:24 AM
29 verbose request using bearer token for auth
30 verbose request id 12d2335e77debede
31 http request PUT https://registry.npmjs.org/bootstrap4-plus-jquery
32 http 403 https://registry.npmjs.org/bootstrap4-plus-jquery
33 verbose headers { 'content-type': 'application/json',
33 verbose headers   'cache-control': 'max-age=300',
33 verbose headers   'content-length': '105',
33 verbose headers   'accept-ranges': 'bytes',
33 verbose headers   date: 'Thu, 17 Mar 2016 18:08:25 GMT',
33 verbose headers   via: '1.1 varnish',
33 verbose headers   connection: 'keep-alive',
33 verbose headers   'x-served-by': 'cache-lax1420-LAX',
33 verbose headers   'x-cache': 'MISS',
33 verbose headers   'x-cache-hits': '0',
33 verbose headers   'x-timer': 'S1458238104.318628,VS0,VE1674' }
34 verbose request invalidating /Users/danielram/.npm/registry.npmjs.org/bootstrap4-plus-jquery on PUT
35 error publish Failed PUT 403
36 verbose stack Error: "You cannot publish over the previously published version 4.0.0-alpha.2.1." : bootstrap4-plus-jquery
36 verbose stack     at makeError (/usr/local/lib/node_modules/npm/node_modules/npm-registry-client/lib/request.js:264:12)
36 verbose stack     at CachingRegistryClient.<anonymous> (/usr/local/lib/node_modules/npm/node_modules/npm-registry-client/lib/request.js:252:14)
36 verbose stack     at Request._callback (/usr/local/lib/node_modules/npm/node_modules/npm-registry-client/lib/request.js:172:14)
36 verbose stack     at Request.self.callback (/usr/local/lib/node_modules/npm/node_modules/request/request.js:198:22)
36 verbose stack     at emitTwo (events.js:87:13)
36 verbose stack     at Request.emit (events.js:172:7)
36 verbose stack     at Request.<anonymous> (/usr/local/lib/node_modules/npm/node_modules/request/request.js:1035:10)
36 verbose stack     at emitOne (events.js:82:20)
36 verbose stack     at Request.emit (events.js:169:7)
36 verbose stack     at IncomingMessage.<anonymous> (/usr/local/lib/node_modules/npm/node_modules/request/request.js:962:12)
37 verbose statusCode 403
38 verbose pkgid bootstrap4-plus-jquery
39 verbose cwd /Volumes/danielHD/Personal/npm_packages/bootstrap+jquery
40 error Darwin 14.3.0
41 error argv "/usr/local/bin/node" "/usr/local/bin/npm" "publish"
42 error node v4.2.3
43 error npm  v3.5.3
44 error code E403
45 error "You cannot publish over the previously published version 4.0.0-alpha.2.1." : bootstrap4-plus-jquery
46 error If you need help, you may report this error at:
46 error     <https://github.com/npm/npm/issues>
47 verbose exit [ 1, true ]
